<?xml version="1.0" encoding="UTF-8"?>
<coverage generated="1661430983658" clover="3.2.0">
  <project timestamp="1661430983659" name="All files">
    <metrics statements="18" coveredstatements="18" conditionals="11" coveredconditionals="8" methods="17" coveredmethods="16" elements="46" coveredelements="42" complexity="0" loc="18" ncloc="18" packages="3" files="6" classes="6"/>
    <package name="components">
      <metrics statements="4" coveredstatements="4" conditionals="4" coveredconditionals="2" methods="4" coveredmethods="3"/>
      <file name="AppFooter.vue" path="C:\projects\le-tip\src\components\AppFooter.vue">
        <metrics statements="1" coveredstatements="1" conditionals="0" coveredconditionals="0" methods="1" coveredmethods="0"/>
        <line num="1" count="3" type="stmt"/>
      </file>
      <file name="HeaderLogo.vue" path="C:\projects\le-tip\src\components\HeaderLogo.vue">
        <metrics statements="1" coveredstatements="1" conditionals="0" coveredconditionals="0" methods="1" coveredmethods="1"/>
        <line num="1" count="39" type="stmt"/>
      </file>
      <file name="InputPanel.vue" path="C:\projects\le-tip\src\components\InputPanel.vue">
        <metrics statements="1" coveredstatements="1" conditionals="2" coveredconditionals="0" methods="1" coveredmethods="1"/>
        <line num="1" count="111" type="cond" truecount="0" falsecount="2"/>
      </file>
      <file name="ResultPanel.vue" path="C:\projects\le-tip\src\components\ResultPanel.vue">
        <metrics statements="1" coveredstatements="1" conditionals="2" coveredconditionals="2" methods="1" coveredmethods="1"/>
        <line num="1" count="111" type="cond" truecount="2" falsecount="0"/>
      </file>
    </package>
    <package name="store">
      <metrics statements="13" coveredstatements="13" conditionals="2" coveredconditionals="1" methods="12" coveredmethods="12"/>
      <file name="index.js" path="C:\projects\le-tip\src\store\index.js">
        <metrics statements="13" coveredstatements="13" conditionals="2" coveredconditionals="1" methods="12" coveredmethods="12"/>
        <line num="4" count="1" type="stmt"/>
        <line num="21" count="2" type="stmt"/>
        <line num="22" count="3" type="stmt"/>
        <line num="23" count="3" type="stmt"/>
        <line num="24" count="3" type="stmt"/>
        <line num="25" count="3" type="stmt"/>
        <line num="30" count="1" type="stmt"/>
        <line num="34" count="4" type="cond" truecount="1" falsecount="1"/>
        <line num="35" count="4" type="stmt"/>
        <line num="39" count="4" type="stmt"/>
        <line num="43" count="4" type="stmt"/>
        <line num="47" count="1" type="stmt"/>
        <line num="48" count="1" type="stmt"/>
      </file>
    </package>
    <package name="views">
      <metrics statements="1" coveredstatements="1" conditionals="5" coveredconditionals="5" methods="1" coveredmethods="1"/>
      <file name="HomeView.vue" path="C:\projects\le-tip\src\views\HomeView.vue">
        <metrics statements="1" coveredstatements="1" conditionals="5" coveredconditionals="5" methods="1" coveredmethods="1"/>
        <line num="1" count="51" type="cond" truecount="5" falsecount="0"/>
      </file>
    </package>
  </project>
</coverage>
