{"C:\\projects\\le-tip\\src\\components\\AppFooter.vue": {"path":"C:\\projects\\le-tip\\src\\components\\AppFooter.vue","statementMap":{"0":{"start":{"line":1,"column":0},"end":{"line":1,"column":null}}},"fnMap":{"0":{"name":"(anonymous_0)","decl":{"start":{"line":1,"column":0},"end":{"line":1,"column":null}},"loc":{"start":{"line":1,"column":0},"end":{"line":1,"column":null}}}},"branchMap":{},"s":{"0":3},"f":{"0":0},"b":{}}
,"C:\\projects\\le-tip\\src\\components\\HeaderLogo.vue": {"path":"C:\\projects\\le-tip\\src\\components\\HeaderLogo.vue","statementMap":{"0":{"start":{"line":1,"column":0},"end":{"line":1,"column":null}}},"fnMap":{"0":{"name":"(anonymous_0)","decl":{"start":{"line":1,"column":0},"end":{"line":1,"column":null}},"loc":{"start":{"line":1,"column":0},"end":{"line":1,"column":null}}}},"branchMap":{},"s":{"0":39},"f":{"0":12},"b":{}}
,"C:\\projects\\le-tip\\src\\components\\InputPanel.vue": {"path":"C:\\projects\\le-tip\\src\\components\\InputPanel.vue","statementMap":{"0":{"start":{"line":1,"column":0},"end":{"line":1,"column":null}}},"fnMap":{"0":{"name":"(anonymous_0)","decl":{"start":{"line":1,"column":0},"end":{"line":1,"column":null}},"loc":{"start":{"line":1,"column":0},"end":{"line":1,"column":null}}}},"branchMap":{"0":{"loc":{"start":{"line":1,"column":0},"end":{"line":1,"column":null}},"type":"cond-expr","locations":[{"start":{"line":1,"column":0},"end":{"line":1,"column":null}},{"start":{"line":1,"column":0},"end":{"line":1,"column":null}}]}},"s":{"0":111},"f":{"0":36},"b":{"0":[0,0]}}
,"C:\\projects\\le-tip\\src\\components\\ResultPanel.vue": {"path":"C:\\projects\\le-tip\\src\\components\\ResultPanel.vue","statementMap":{"0":{"start":{"line":1,"column":0},"end":{"line":1,"column":null}}},"fnMap":{"0":{"name":"(anonymous_0)","decl":{"start":{"line":1,"column":0},"end":{"line":1,"column":null}},"loc":{"start":{"line":1,"column":0},"end":{"line":1,"column":null}}}},"branchMap":{"0":{"loc":{"start":{"line":1,"column":0},"end":{"line":1,"column":null}},"type":"cond-expr","locations":[{"start":{"line":1,"column":0},"end":{"line":1,"column":null}},{"start":{"line":1,"column":0},"end":{"line":1,"column":null}}]}},"s":{"0":111},"f":{"0":36},"b":{"0":[25,11]}}
,"C:\\projects\\le-tip\\src\\store\\index.js": {"path":"C:\\projects\\le-tip\\src\\store\\index.js","statementMap":{"0":{"start":{"line":4,"column":0},"end":{"line":4,"column":13}},"1":{"start":{"line":21,"column":23},"end":{"line":21,"column":34}},"2":{"start":{"line":22,"column":30},"end":{"line":22,"column":74}},"3":{"start":{"line":22,"column":53},"end":{"line":22,"column":73}},"4":{"start":{"line":23,"column":23},"end":{"line":23,"column":34}},"5":{"start":{"line":24,"column":25},"end":{"line":24,"column":38}},"6":{"start":{"line":25,"column":25},"end":{"line":25,"column":38}},"7":{"start":{"line":30,"column":6},"end":{"line":30,"column":27}},"8":{"start":{"line":34,"column":18},"end":{"line":34,"column":40}},"9":{"start":{"line":35,"column":6},"end":{"line":35,"column":37}},"10":{"start":{"line":39,"column":6},"end":{"line":39,"column":29}},"11":{"start":{"line":43,"column":6},"end":{"line":43,"column":29}},"12":{"start":{"line":47,"column":18},"end":{"line":47,"column":72}},"13":{"start":{"line":47,"column":46},"end":{"line":47,"column":71}},"14":{"start":{"line":48,"column":6},"end":{"line":48,"column":47}}},"fnMap":{"0":{"name":"(anonymous_0)","decl":{"start":{"line":21,"column":14},"end":{"line":21,"column":15}},"loc":{"start":{"line":21,"column":23},"end":{"line":21,"column":34}},"line":21},"1":{"name":"(anonymous_1)","decl":{"start":{"line":22,"column":21},"end":{"line":22,"column":22}},"loc":{"start":{"line":22,"column":30},"end":{"line":22,"column":74}},"line":22},"2":{"name":"(anonymous_2)","decl":{"start":{"line":22,"column":48},"end":{"line":22,"column":49}},"loc":{"start":{"line":22,"column":53},"end":{"line":22,"column":73}},"line":22},"3":{"name":"(anonymous_3)","decl":{"start":{"line":23,"column":14},"end":{"line":23,"column":15}},"loc":{"start":{"line":23,"column":23},"end":{"line":23,"column":34}},"line":23},"4":{"name":"(anonymous_4)","decl":{"start":{"line":24,"column":16},"end":{"line":24,"column":17}},"loc":{"start":{"line":24,"column":25},"end":{"line":24,"column":38}},"line":24},"5":{"name":"(anonymous_5)","decl":{"start":{"line":25,"column":16},"end":{"line":25,"column":17}},"loc":{"start":{"line":25,"column":25},"end":{"line":25,"column":38}},"line":25},"6":{"name":"(anonymous_6)","decl":{"start":{"line":29,"column":4},"end":{"line":29,"column":5}},"loc":{"start":{"line":29,"column":29},"end":{"line":31,"column":5}},"line":29},"7":{"name":"(anonymous_7)","decl":{"start":{"line":33,"column":4},"end":{"line":33,"column":5}},"loc":{"start":{"line":33,"column":29},"end":{"line":36,"column":5}},"line":33},"8":{"name":"(anonymous_8)","decl":{"start":{"line":38,"column":4},"end":{"line":38,"column":5}},"loc":{"start":{"line":38,"column":31},"end":{"line":40,"column":5}},"line":38},"9":{"name":"(anonymous_9)","decl":{"start":{"line":42,"column":4},"end":{"line":42,"column":5}},"loc":{"start":{"line":42,"column":31},"end":{"line":44,"column":5}},"line":42},"10":{"name":"(anonymous_10)","decl":{"start":{"line":46,"column":4},"end":{"line":46,"column":5}},"loc":{"start":{"line":46,"column":29},"end":{"line":49,"column":5}},"line":46},"11":{"name":"(anonymous_11)","decl":{"start":{"line":47,"column":41},"end":{"line":47,"column":42}},"loc":{"start":{"line":47,"column":46},"end":{"line":47,"column":71}},"line":47}},"branchMap":{"0":{"loc":{"start":{"line":34,"column":18},"end":{"line":34,"column":40}},"type":"cond-expr","locations":[{"start":{"line":34,"column":29},"end":{"line":34,"column":30}},{"start":{"line":34,"column":33},"end":{"line":34,"column":40}}],"line":34}},"s":{"0":1,"1":2,"2":2,"3":3,"4":3,"5":3,"6":3,"7":1,"8":4,"9":4,"10":4,"11":4,"12":1,"13":1,"14":1},"f":{"0":2,"1":2,"2":3,"3":3,"4":3,"5":3,"6":1,"7":4,"8":4,"9":4,"10":1,"11":1},"b":{"0":[0,4]},"_coverageSchema":"1a1c01bbd47fc00a2c39e90264f33305004495a9","hash":"4f8beb701c6762dfc0dbf4445f012e6ec51bf262"}
,"C:\\projects\\le-tip\\src\\views\\HomeView.vue": {"path":"C:\\projects\\le-tip\\src\\views\\HomeView.vue","statementMap":{"0":{"start":{"line":1,"column":0},"end":{"line":1,"column":null}}},"fnMap":{"0":{"name":"(anonymous_0)","decl":{"start":{"line":1,"column":0},"end":{"line":1,"column":null}},"loc":{"start":{"line":1,"column":0},"end":{"line":1,"column":null}}}},"branchMap":{"0":{"loc":{"start":{"line":1,"column":0},"end":{"line":1,"column":null}},"type":"binary-expr","locations":[{"start":{"line":1,"column":0},"end":{"line":1,"column":null}},{"start":{"line":1,"column":0},"end":{"line":1,"column":null}}]},"1":{"loc":{"start":{"line":1,"column":0},"end":{"line":1,"column":null}},"type":"binary-expr","locations":[{"start":{"line":1,"column":0},"end":{"line":1,"column":null}},{"start":{"line":1,"column":0},"end":{"line":1,"column":null}},{"start":{"line":1,"column":0},"end":{"line":1,"column":null}}]}},"s":{"0":51},"f":{"0":18},"b":{"0":[45,18],"1":[15,15,15]}}
}
