TN:
SF:src\components\AppFooter.vue
FN:1,(anonymous_0)
FNF:1
FNH:0
FNDA:0,(anonymous_0)
DA:1,3
LF:1
LH:1
BRF:0
BRH:0
end_of_record
TN:
SF:src\components\HeaderLogo.vue
FN:1,(anonymous_0)
FNF:1
FNH:1
FNDA:12,(anonymous_0)
DA:1,39
LF:1
LH:1
BRF:0
BRH:0
end_of_record
TN:
SF:src\components\InputPanel.vue
FN:1,(anonymous_0)
FNF:1
FNH:1
FNDA:36,(anonymous_0)
DA:1,111
LF:1
LH:1
BRDA:1,0,0,0
BRDA:1,0,1,0
BRF:2
BRH:0
end_of_record
TN:
SF:src\components\ResultPanel.vue
FN:1,(anonymous_0)
FNF:1
FNH:1
FNDA:36,(anonymous_0)
DA:1,111
LF:1
LH:1
BRDA:1,0,0,25
BRDA:1,0,1,11
BRF:2
BRH:2
end_of_record
TN:
SF:src\store\index.js
FN:21,(anonymous_0)
FN:22,(anonymous_1)
FN:22,(anonymous_2)
FN:23,(anonymous_3)
FN:24,(anonymous_4)
FN:25,(anonymous_5)
FN:29,(anonymous_6)
FN:33,(anonymous_7)
FN:38,(anonymous_8)
FN:42,(anonymous_9)
FN:46,(anonymous_10)
FN:47,(anonymous_11)
FNF:12
FNH:12
FNDA:2,(anonymous_0)
FNDA:2,(anonymous_1)
FNDA:3,(anonymous_2)
FNDA:3,(anonymous_3)
FNDA:3,(anonymous_4)
FNDA:3,(anonymous_5)
FNDA:1,(anonymous_6)
FNDA:4,(anonymous_7)
FNDA:4,(anonymous_8)
FNDA:4,(anonymous_9)
FNDA:1,(anonymous_10)
FNDA:1,(anonymous_11)
DA:4,1
DA:21,2
DA:22,3
DA:23,3
DA:24,3
DA:25,3
DA:30,1
DA:34,4
DA:35,4
DA:39,4
DA:43,4
DA:47,1
DA:48,1
LF:13
LH:13
BRDA:34,0,0,0
BRDA:34,0,1,4
BRF:2
BRH:1
end_of_record
TN:
SF:src\views\HomeView.vue
FN:1,(anonymous_0)
FNF:1
FNH:1
FNDA:18,(anonymous_0)
DA:1,51
LF:1
LH:1
BRDA:1,0,0,45
BRDA:1,0,1,18
BRDA:1,1,0,15
BRDA:1,1,1,15
BRDA:1,1,2,15
BRF:5
BRH:5
end_of_record
